2025-11-05 10:29:18,229 - sqlalchemy.engine.Engine - INFO - BEGIN (implicit)
2025-11-05 10:29:18,230 - sqlalchemy.engine.Engine - INFO - PRAGMA main.table_info("report")
2025-11-05 10:29:18,230 - sqlalchemy.engine.Engine - INFO - [raw sql] ()
2025-11-05 10:29:18,232 - sqlalchemy.engine.Engine - INFO - PRAGMA temp.table_info("report")
2025-11-05 10:29:18,232 - sqlalchemy.engine.Engine - INFO - [raw sql] ()
2025-11-05 10:29:18,232 - sqlalchemy.engine.Engine - INFO - PRAGMA main.table_info("alert")
2025-11-05 10:29:18,232 - sqlalchemy.engine.Engine - INFO - [raw sql] ()
2025-11-05 10:29:18,232 - sqlalchemy.engine.Engine - INFO - PRAGMA temp.table_info("alert")
2025-11-05 10:29:18,232 - sqlalchemy.engine.Engine - INFO - [raw sql] ()
2025-11-05 10:29:18,233 - sqlalchemy.engine.Engine - INFO - 
CREATE TABLE report (
	id INTEGER NOT NULL, 
	text VARCHAR NOT NULL, 
	lat FLOAT NOT NULL, 
	lon FLOAT NOT NULL, 
	source VARCHAR NOT NULL, 
	created_at DATETIME NOT NULL, 
	updated_at DATETIME NOT NULL, 
	PRIMARY KEY (id)
)


2025-11-05 10:29:18,233 - sqlalchemy.engine.Engine - INFO - [no key 0.00008s] ()
2025-11-05 10:29:18,236 - sqlalchemy.engine.Engine - INFO - CREATE INDEX ix_report_text ON report (text)
2025-11-05 10:29:18,236 - sqlalchemy.engine.Engine - INFO - [no key 0.00008s] ()
2025-11-05 10:29:18,237 - sqlalchemy.engine.Engine - INFO - 
CREATE TABLE alert (
	id INTEGER NOT NULL, 
	report_id INTEGER NOT NULL, 
	disaster_type VARCHAR(10) NOT NULL, 
	severity_score INTEGER NOT NULL, 
	summary VARCHAR NOT NULL, 
	location_name VARCHAR NOT NULL, 
	created_at DATETIME NOT NULL, 
	PRIMARY KEY (id), 
	FOREIGN KEY(report_id) REFERENCES report (id)
)


2025-11-05 10:29:18,237 - sqlalchemy.engine.Engine - INFO - [no key 0.00008s] ()
2025-11-05 10:29:18,237 - sqlalchemy.engine.Engine - INFO - COMMIT
2025-11-05 10:29:18,237 - app.main - INFO - Alertrix API started successfully
